[debug] [2019-03-17T12:53:22.321Z] ----------------------------------------------------------------------
[debug] [2019-03-17T12:53:22.323Z] Command:       /Users/otto/.nvm/versions/node/v11.6.0/bin/node /Users/otto/.nvm/versions/node/v11.6.0/bin/firebase deploy
[debug] [2019-03-17T12:53:22.323Z] CLI Version:   6.5.0
[debug] [2019-03-17T12:53:22.323Z] Platform:      darwin
[debug] [2019-03-17T12:53:22.323Z] Node Version:  v11.6.0
[debug] [2019-03-17T12:53:22.324Z] Time:          Sun Mar 17 2019 14:53:22 GMT+0200 (Eastern European Standard Time)
[debug] [2019-03-17T12:53:22.324Z] ----------------------------------------------------------------------
[debug] 
[debug] [2019-03-17T12:53:22.338Z] > command requires scopes: ["email","openid","https://www.googleapis.com/auth/cloudplatformprojects.readonly","https://www.googleapis.com/auth/firebase","https://www.googleapis.com/auth/cloud-platform"]
[debug] [2019-03-17T12:53:22.338Z] > authorizing via signed-in user
[debug] [2019-03-17T12:53:22.339Z] [iam] checking project firechat-432d2 for permissions ["cloudfunctions.functions.create","cloudfunctions.functions.delete","cloudfunctions.functions.get","cloudfunctions.functions.list","cloudfunctions.functions.update","cloudfunctions.operations.get","datastore.indexes.create","datastore.indexes.delete","datastore.indexes.list","datastore.indexes.update","firebase.projects.get","firebasehosting.sites.update"]
[debug] [2019-03-17T12:53:22.341Z] >>> HTTP REQUEST POST https://cloudresourcemanager.googleapis.com/v1/projects/firechat-432d2:testIamPermissions  

[debug] [2019-03-17T12:53:23.705Z] <<< HTTP RESPONSE 200
[debug] [2019-03-17T12:53:23.708Z] >>> HTTP REQUEST GET https://firebase.googleapis.com/v1beta1/projects/firechat-432d2  
 
[debug] [2019-03-17T12:53:24.089Z] <<< HTTP RESPONSE 200
[info] 
[info] === Deploying to 'firechat-432d2'...
[info] 
[info] i  deploying firestore, functions, hosting
[info] i  firestore: checking firestore.rules for compilation errors...
[info] i  firestore: reading indexes from firestore.indexes.json...
[debug] [2019-03-17T12:53:26.485Z] >>> HTTP REQUEST POST https://firebaserules.googleapis.com/v1/projects/firechat-432d2:test  

[debug] [2019-03-17T12:53:27.618Z] <<< HTTP RESPONSE 200
[info] ✔  firestore: rules file firestore.rules compiled successfully
[debug] [2019-03-17T12:53:27.621Z] > [functions] package.json contents: {
  "name": "functions",
  "description": "Cloud Functions for Firebase",
  "scripts": {
    "serve": "firebase serve --only functions",
    "shell": "firebase functions:shell",
    "start": "npm run shell",
    "deploy": "firebase deploy --only functions",
    "logs": "firebase functions:log"
  },
  "dependencies": {
    "firebase-admin": "~7.0.0",
    "firebase-functions": "^2.2.0"
  },
  "private": true
}
[info] i  functions: ensuring necessary APIs are enabled...
[debug] [2019-03-17T12:53:27.623Z] >>> HTTP REQUEST GET https://servicemanagement.googleapis.com/v1/services/cloudfunctions.googleapis.com/projectSettings/firechat-432d2?view=CONSUMER_VIEW  
 
[debug] [2019-03-17T12:53:27.623Z] >>> HTTP REQUEST GET https://servicemanagement.googleapis.com/v1/services/runtimeconfig.googleapis.com/projectSettings/firechat-432d2?view=CONSUMER_VIEW  
 
[debug] [2019-03-17T12:53:29.766Z] <<< HTTP RESPONSE 200
[debug] [2019-03-17T12:53:31.222Z] <<< HTTP RESPONSE 200
[info] ✔  functions: all necessary APIs are enabled
[debug] [2019-03-17T12:53:31.223Z] >>> HTTP REQUEST GET https://cloudresourcemanager.googleapis.com/v1/projects/firechat-432d2  
 
[debug] [2019-03-17T12:53:32.979Z] <<< HTTP RESPONSE 200
[debug] [2019-03-17T12:53:32.980Z] >>> HTTP REQUEST GET https://mobilesdk-pa.googleapis.com/v1/projects/513157225685:getServerAppConfig  
 
[debug] [2019-03-17T12:53:33.558Z] <<< HTTP RESPONSE 200
[debug] [2019-03-17T12:53:33.559Z] >>> HTTP REQUEST POST https://firebasehosting.googleapis.com/v1beta1/sites/firechat-432d2/versions  

[debug] [2019-03-17T12:53:36.393Z] <<< HTTP RESPONSE 200
[info] i  firestore: uploading rules firestore.rules...
[debug] [2019-03-17T12:53:36.396Z] >>> HTTP REQUEST POST https://firebaserules.googleapis.com/v1/projects/firechat-432d2/rulesets  

[debug] [2019-03-17T12:53:36.396Z] >>> HTTP REQUEST GET https://firestore.googleapis.com/v1beta2/projects/firechat-432d2/databases/(default)/collectionGroups/-/indexes  
 
[debug] [2019-03-17T12:53:36.997Z] <<< HTTP RESPONSE 200
[debug] [2019-03-17T12:53:36.997Z] >>> HTTP REQUEST GET https://firestore.googleapis.com/v1beta2/projects/firechat-432d2/databases/(default)/collectionGroups/-/fields?filter=indexConfig.usesAncestorConfig=false  
 
[debug] [2019-03-17T12:53:37.623Z] <<< HTTP RESPONSE 200
[info] ✔  firestore: deployed indexes in firestore.indexes.json successfully
[debug] [2019-03-17T12:53:37.635Z] <<< HTTP RESPONSE 200
[debug] [2019-03-17T12:53:37.637Z] [rules] created ruleset projects/firechat-432d2/rulesets/7c51c094-00c8-44a9-b6c5-ba8c6acf0379
[info] i  functions: preparing functions directory for uploading...
[debug] [2019-03-17T12:53:37.640Z] >>> HTTP REQUEST GET https://runtimeconfig.googleapis.com/v1beta1/projects/firechat-432d2/configs  
 
[debug] [2019-03-17T12:53:38.878Z] <<< HTTP RESPONSE 200
[info] i  hosting[firechat-432d2]: beginning deploy...
[info] i  hosting[firechat-432d2]: found 7 files in dist
[debug] [2019-03-17T12:53:39.209Z] [hosting] hash cache [ZGlzdA] load error: lines is not defined
[debug] [2019-03-17T12:53:40.471Z] [hosting] hash cache [ZGlzdA] stored for 7 files
[debug] [2019-03-17T12:53:40.472Z] [hosting][hash queue][FINAL]
[debug] [2019-03-17T12:53:40.472Z] >>> HTTP REQUEST POST https://firebasehosting.googleapis.com/v1beta1/sites/firechat-432d2/versions/7f031fee84ae513a:populateFiles  
 <request body omitted>
[debug] [2019-03-17T12:53:42.075Z] <<< HTTP RESPONSE 200
[debug] [2019-03-17T12:53:42.081Z] [hosting][populate queue][FINAL]
[debug] [2019-03-17T12:53:42.081Z] [hosting] uploads queued: 4
[debug] [2019-03-17T12:53:46.389Z] [hosting][upload queue][FINAL]
[info] ✔  hosting[firechat-432d2]: file upload complete
[debug] [2019-03-17T12:53:46.389Z] [hosting] deploy completed after 7190ms
[debug] [2019-03-17T12:53:46.390Z] [rules] releasing cloud.firestore with ruleset projects/firechat-432d2/rulesets/7c51c094-00c8-44a9-b6c5-ba8c6acf0379
[debug] [2019-03-17T12:53:46.391Z] >>> HTTP REQUEST PATCH https://firebaserules.googleapis.com/v1/projects/firechat-432d2/releases/cloud.firestore  

